生成启动时间为 2016/3/12 17:40:50。
     1>项目“E:\vs2010project\text2opencv\text2opencv\text2opencv.vcxproj”在节点 2 上(build 个目标)。
     1>InitializeBuildStatus:
         正在对“Debug\text2opencv.unsuccessfulbuild”执行 Touch 任务。
       ClCompile:
         所有输出均为最新。
         所有输出均为最新。
       ManifestResourceCompile:
         所有输出均为最新。
       Link:
         I:\vs2010\VC\bin\link.exe /ERRORREPORT:PROMPT /OUT:"E:\vs2010project\text2opencv\Debug\text2opencv.exe" /INCREMENTAL /NOLOGO opencv_core300d.lib opencv_calib3d300d.lib opencv_features2d300d.lib opencv_flann300d.lib opencv_hal300d.lib opencv_highgui300d.lib opencv_imgcodecs300d.lib opencv_imgproc300d.lib opencv_ml300d.lib opencv_objdetect300d.lib opencv_photo300d.lib opencv_shape300d.lib opencv_stitching300d.lib opencv_superres300d.lib opencv_ts300d.lib opencv_video300d.lib opencv_videoio300d.lib opencv_videostab300d.lib opencv_xfeatures2d300d.lib opencv_ts300d.lib opencv_world300d.lib kernel32.lib user32.lib gdi32.lib winspool.lib comdlg32.lib advapi32.lib shell32.lib ole32.lib oleaut32.lib uuid.lib odbc32.lib odbccp32.lib /MANIFEST /ManifestFile:"Debug\text2opencv.exe.intermediate.manifest" /MANIFESTUAC:"level='asInvoker' uiAccess='false'" /DEBUG /PDB:"E:\vs2010project\text2opencv\Debug\text2opencv.pdb" /SUBSYSTEM:CONSOLE /TLBID:1 /DYNAMICBASE /NXCOMPAT /IMPLIB:"E:\vs2010project\text2opencv\Debug\text2opencv.lib" /MACHINE:X86 Debug\text2opencv.exe.embed.manifest.res
         Debug\stdafx.obj
         Debug\text2opencv.obj
       Manifest:
         C:\Program Files (x86)\Microsoft SDKs\Windows\v7.0A\bin\mt.exe /nologo /verbose /out:"Debug\text2opencv.exe.embed.manifest" /manifest Debug\text2opencv.exe.intermediate.manifest
         所有输出均为最新。
       LinkEmbedManifest:
         所有输出均为最新。
         text2opencv.vcxproj -> E:\vs2010project\text2opencv\Debug\text2opencv.exe
       FinalizeBuildStatus:
         正在删除文件“Debug\text2opencv.unsuccessfulbuild”。
         正在对“Debug\text2opencv.lastbuildstate”执行 Touch 任务。
     1>已完成生成项目“E:\vs2010project\text2opencv\text2opencv\text2opencv.vcxproj”(build 个目标)的操作。

生成成功。

已用时间 00:00:01.23
