生成启动时间为 2016/2/19 22:21:51。
     1>项目“E:\vs2010project\text2opencv\text2opencv\text2opencv.vcxproj”在节点 2 上(build 个目标)。
     1>PrepareForBuild:
         正在创建目录“E:\vs2010project\text2opencv\x64\Debug\”。
       InitializeBuildStatus:
         正在创建“x64\Debug\text2opencv.unsuccessfulbuild”，因为已指定“AlwaysCreate”。
       ClCompile:
         I:\vs2010\VC\bin\x86_amd64\CL.exe /c /Zi /nologo /W3 /WX- /Od /D WIN32 /D _DEBUG /D _CONSOLE /D _UNICODE /D UNICODE /Gm /EHsc /RTC1 /MDd /GS /fp:precise /Zc:wchar_t /Zc:forScope /Yc"StdAfx.h" /Fp"x64\Debug\text2opencv.pch" /Fo"x64\Debug\\" /Fd"x64\Debug\vc100.pdb" /Gd /TP /errorReport:prompt stdafx.cpp
         stdafx.cpp
         I:\vs2010\VC\bin\x86_amd64\CL.exe /c /Zi /nologo /W3 /WX- /Od /D WIN32 /D _DEBUG /D _CONSOLE /D _UNICODE /D UNICODE /Gm /EHsc /RTC1 /MDd /GS /fp:precise /Zc:wchar_t /Zc:forScope /Yu"StdAfx.h" /Fp"x64\Debug\text2opencv.pch" /Fo"x64\Debug\\" /Fd"x64\Debug\vc100.pdb" /Gd /TP /errorReport:prompt text2opencv.cpp
         text2opencv.cpp
     1>I:\opencv3.0\opencv\build\include\opencv2/core/mat.hpp(1965): warning C4819: 该文件包含不能在当前代码页(936)中表示的字符。请将该文件保存为 Unicode 格式以防止数据丢失
     1>I:\opencv3.0\opencv\build\include\opencv2/core/persistence.hpp : warning C4819: 该文件包含不能在当前代码页(936)中表示的字符。请将该文件保存为 Unicode 格式以防止数据丢失
     1>I:\opencv3.0\opencv\build\include\opencv2/core/mat.hpp(1965): warning C4819: 该文件包含不能在当前代码页(936)中表示的字符。请将该文件保存为 Unicode 格式以防止数据丢失
     1>I:\opencv3.0\opencv\build\include\opencv2/core/utility.hpp : warning C4819: 该文件包含不能在当前代码页(936)中表示的字符。请将该文件保存为 Unicode 格式以防止数据丢失
     1>I:\opencv3.0\opencv\build\include\opencv2/core/utility.hpp : warning C4819: 该文件包含不能在当前代码页(936)中表示的字符。请将该文件保存为 Unicode 格式以防止数据丢失
     1>text2opencv.cpp(41): warning C4305: “初始化”: 从“double”到“float”截断
     1>text2opencv.cpp(45): warning C4305: “初始化”: 从“double”到“float”截断
     1>text2opencv.cpp(47): warning C4244: “初始化”: 从“int”转换到“float”，可能丢失数据
     1>text2opencv.cpp(48): warning C4244: “初始化”: 从“int”转换到“float”，可能丢失数据
       ManifestResourceCompile:
         C:\Program Files (x86)\Microsoft SDKs\Windows\v7.0A\bin\rc.exe /nologo /fo"x64\Debug\text2opencv.exe.embed.manifest.res" x64\Debug\text2opencv_manifest.rc 
       Link:
         I:\vs2010\VC\bin\x86_amd64\link.exe /ERRORREPORT:PROMPT /OUT:"E:\vs2010project\text2opencv\x64\Debug\text2opencv.exe" /INCREMENTAL /NOLOGO opencv_ts300d.lib opencv_world300d.lib kernel32.lib user32.lib gdi32.lib winspool.lib comdlg32.lib advapi32.lib shell32.lib ole32.lib oleaut32.lib uuid.lib odbc32.lib odbccp32.lib /MANIFEST /ManifestFile:"x64\Debug\text2opencv.exe.intermediate.manifest" /MANIFESTUAC:"level='asInvoker' uiAccess='false'" /DEBUG /PDB:"E:\vs2010project\text2opencv\x64\Debug\text2opencv.pdb" /SUBSYSTEM:CONSOLE /TLBID:1 /DYNAMICBASE /NXCOMPAT /IMPLIB:"E:\vs2010project\text2opencv\x64\Debug\text2opencv.lib" /MACHINE:X64 x64\Debug\text2opencv.exe.embed.manifest.res
         x64\Debug\stdafx.obj
         x64\Debug\text2opencv.obj
         text2opencv.vcxproj -> E:\vs2010project\text2opencv\x64\Debug\text2opencv.exe
       Manifest:
         C:\Program Files (x86)\Microsoft SDKs\Windows\v7.0A\bin\mt.exe /nologo /verbose /out:"x64\Debug\text2opencv.exe.embed.manifest" /manifest x64\Debug\text2opencv.exe.intermediate.manifest
         C:\Program Files (x86)\Microsoft SDKs\Windows\v7.0A\bin\rc.exe /nologo /fo"x64\Debug\text2opencv.exe.embed.manifest.res" x64\Debug\text2opencv_manifest.rc 
       LinkEmbedManifest:
         I:\vs2010\VC\bin\x86_amd64\link.exe /ERRORREPORT:PROMPT /OUT:"E:\vs2010project\text2opencv\x64\Debug\text2opencv.exe" /INCREMENTAL /NOLOGO opencv_ts300d.lib opencv_world300d.lib kernel32.lib user32.lib gdi32.lib winspool.lib comdlg32.lib advapi32.lib shell32.lib ole32.lib oleaut32.lib uuid.lib odbc32.lib odbccp32.lib /MANIFEST /ManifestFile:"x64\Debug\text2opencv.exe.intermediate.manifest" /MANIFESTUAC:"level='asInvoker' uiAccess='false'" /DEBUG /PDB:"E:\vs2010project\text2opencv\x64\Debug\text2opencv.pdb" /SUBSYSTEM:CONSOLE /TLBID:1 /DYNAMICBASE /NXCOMPAT /IMPLIB:"E:\vs2010project\text2opencv\x64\Debug\text2opencv.lib" /MACHINE:X64 x64\Debug\text2opencv.exe.embed.manifest.res
         x64\Debug\stdafx.obj
         x64\Debug\text2opencv.obj
         text2opencv.vcxproj -> E:\vs2010project\text2opencv\x64\Debug\text2opencv.exe
       FinalizeBuildStatus:
         正在删除文件“x64\Debug\text2opencv.unsuccessfulbuild”。
         正在对“x64\Debug\text2opencv.lastbuildstate”执行 Touch 任务。
     1>已完成生成项目“E:\vs2010project\text2opencv\text2opencv\text2opencv.vcxproj”(build 个目标)的操作。

生成成功。

已用时间 00:00:09.04
